device /dev/input/event0, name "FT5406 memory based driver", phys ""
Called by main
Locations: {'blue': (0, 3), 'brown': (0, 0), 'none': (0, 0), 'black': (0, 0), 'red': (0, 0), 'green': (0, 0), 'white': (0, 0), 'yellow': (4, 1)}
Pacman: 0
Red: 0
Green: 0
Connected:


fbi: no process found
READING INPUT
Active on port: 5000
Active on port: 6000
Playing WAVE 'pacman-intro.wav' : Signed 16 bit Little Endian, Rate 44100 Hz, Stereo
X: 770
Y: 369
PRESSED
X: 770
Y: 369
SWITCHING TO SPANISH
Called by Language
Locations: {'blue': (0, 3), 'brown': (0, 0), 'none': (0, 0), 'black': (0, 0), 'red': (0, 0), 'green': (0, 0), 'white': (0, 0), 'yellow': (4, 1)}
Pacman: 0
Red: 0
Green: 0
Connected:


X: 771
Y: 370
RELEASED
X: 737
Y: 447
PRESSED
X: 737
Y: 447
SWITCHING TO ENGLISH
Called by Language
Locations: {'blue': (0, 3), 'brown': (0, 0), 'none': (0, 0), 'black': (0, 0), 'red': (0, 0), 'green': (0, 0), 'white': (0, 0), 'yellow': (4, 1)}
Pacman: 0
Red: 0
Green: 0
Connected:


X: 736
Y: 446
X: 735
RELEASED
X: 621
Y: 191
PRESSED
X: 621
Y: 191
Called by Touch
Locations: {'blue': (0, 3), 'brown': (0, 0), 'none': (0, 0), 'black': (0, 0), 'red': (0, 0), 'green': (0, 0), 'white': (0, 0), 'yellow': (4, 1)}
Pacman: 0
Red: 0
Green: 0
Connected:


RELEASED
X: 129
Y: 135
PRESSED
X: 129
Y: 135
Called by Touch
Locations: {'blue': (0, 3), 'brown': (0, 0), 'none': (0, 0), 'black': (0, 0), 'red': (0, 0), 'green': (0, 0), 'white': (0, 0), 'yellow': (4, 1)}
Pacman: 0
Red: 0
Green: 0
Connected:


X: 130
Y: 132
X: 142
Y: 116
RELEASED
X: 670
Y: 140
PRESSED
X: 670
Y: 140
Called by Touch
Locations: {'blue': (0, 3), 'brown': (0, 0), 'none': (0, 0), 'black': (0, 0), 'red': (0, 0), 'green': (0, 0), 'white': (0, 0), 'yellow': (4, 1)}
Pacman: 0
Red: 0
Green: 0
Connected:


X: 671
X: 670
X: 669
RELEASED
X: 759
Y: 39
PRESSED
X: 759
Y: 39
Ending PACMAN
Called by Exit
Locations: {'blue': (0, 3), 'brown': (0, 0), 'none': (0, 0), 'black': (0, 0), 'red': (0, 0), 'green': (0, 0), 'white': (0, 0), 'yellow': (4, 1)}
Pacman: 0
Red: 0
Green: 0
Connected:


fbi: no process found
